<?xml version="1.0" encoding="UTF-8"?>
<testsuite xmlns:xsi="http://www.w3.org/2001/XMLSchema-instance" xsi:noNamespaceSchemaLocation="https://maven.apache.org/surefire/maven-surefire-plugin/xsd/surefire-test-report.xsd" version="3.0.1" name="com.upcino.app.AppTest" time="0.047" tests="1" errors="0" skipped="0" failures="0">
  <properties>
    <property name="java.specification.version" value="17"/>
    <property name="sun.cpu.isalist" value="amd64"/>
    <property name="sun.jnu.encoding" value="Cp1252"/>
    <property name="java.class.path" value="D:\Repository-Projects\MultiAgents\my-app\target\test-classes;D:\Repository-Projects\MultiAgents\my-app\target\classes;C:\Users\esteb\.m2\repository\org\junit\jupiter\junit-jupiter-api\5.11.0\junit-jupiter-api-5.11.0.jar;C:\Users\esteb\.m2\repository\org\opentest4j\opentest4j\1.3.0\opentest4j-1.3.0.jar;C:\Users\esteb\.m2\repository\org\junit\platform\junit-platform-commons\1.11.0\junit-platform-commons-1.11.0.jar;C:\Users\esteb\.m2\repository\org\apiguardian\apiguardian-api\1.1.2\apiguardian-api-1.1.2.jar;C:\Users\esteb\.m2\repository\org\junit\jupiter\junit-jupiter-params\5.11.0\junit-jupiter-params-5.11.0.jar;C:\Users\esteb\.m2\repository\com\gitlab\jade-project\jade\master-m4.5.3-g165fec3-1\jade-master-m4.5.3-g165fec3-1.jar;C:\Users\esteb\.m2\repository\org\glassfish\corba\glassfish-corba-omgapi\4.2.4\glassfish-corba-omgapi-4.2.4.jar;C:\Users\esteb\.m2\repository\commons-codec\commons-codec\1.15\commons-codec-1.15.jar;C:\Users\esteb\.m2\repository\com\toedter\jcalendar\1.4\jcalendar-1.4.jar;C:\Users\esteb\.m2\repository\org\glassfish\corba\glassfish-corba-orb\4.2.4\glassfish-corba-orb-4.2.4.jar;C:\Users\esteb\.m2\repository\org\glassfish\corba\glassfish-corba-csiv2-idl\4.2.4\glassfish-corba-csiv2-idl-4.2.4.jar;C:\Users\esteb\.m2\repository\org\glassfish\corba\glassfish-corba-internal-api\4.2.4\glassfish-corba-internal-api-4.2.4.jar;C:\Users\esteb\.m2\repository\org\glassfish\corba\exception-annotation-processor\4.2.4\exception-annotation-processor-4.2.4.jar;C:\Users\esteb\.m2\repository\org\osgi\org.osgi.core\6.0.0\org.osgi.core-6.0.0.jar;C:\Users\esteb\.m2\repository\org\glassfish\gmbal\gmbal\4.0.0\gmbal-4.0.0.jar;C:\Users\esteb\.m2\repository\org\glassfish\external\management-api\3.2.1\management-api-3.2.1.jar;C:\Users\esteb\.m2\repository\org\glassfish\pfl\pfl-basic-tools\4.0.1\pfl-basic-tools-4.0.1.jar;C:\Users\esteb\.m2\repository\org\glassfish\pfl\pfl-tf-tools\4.0.1\pfl-tf-tools-4.0.1.jar;C:\Users\esteb\.m2\repository\org\glassfish\pfl\pfl-asm\4.0.1\pfl-asm-4.0.1.jar;C:\Users\esteb\.m2\repository\org\glassfish\pfl\pfl-dynamic\4.1.2\pfl-dynamic-4.1.2.jar;C:\Users\esteb\.m2\repository\org\ow2\asm\asm\9.1\asm-9.1.jar;C:\Users\esteb\.m2\repository\org\ow2\asm\asm-util\9.1\asm-util-9.1.jar;C:\Users\esteb\.m2\repository\org\ow2\asm\asm-tree\9.1\asm-tree-9.1.jar;C:\Users\esteb\.m2\repository\org\ow2\asm\asm-analysis\9.1\asm-analysis-9.1.jar;"/>
    <property name="java.vm.vendor" value="Eclipse Adoptium"/>
    <property name="sun.arch.data.model" value="64"/>
    <property name="user.variant" value=""/>
    <property name="java.vendor.url" value="https://adoptium.net/"/>
    <property name="user.timezone" value="America/Lima"/>
    <property name="os.name" value="Windows 11"/>
    <property name="java.vm.specification.version" value="17"/>
    <property name="sun.java.launcher" value="SUN_STANDARD"/>
    <property name="user.country" value="ES"/>
    <property name="sun.boot.library.path" value="C:\Program Files\Eclipse Adoptium\jdk-17.0.8.101-hotspot\bin"/>
    <property name="sun.java.command" value="C:\Users\esteb\AppData\Local\Temp\surefire16339889000424946106\surefirebooter-20241128112858166_3.jar C:\Users\esteb\AppData\Local\Temp\surefire16339889000424946106 2024-11-28T11-28-57_943-jvmRun1 surefire-20241128112858166_1tmp surefire_0-20241128112858166_2tmp"/>
    <property name="jdk.debug" value="release"/>
    <property name="surefire.test.class.path" value="D:\Repository-Projects\MultiAgents\my-app\target\test-classes;D:\Repository-Projects\MultiAgents\my-app\target\classes;C:\Users\esteb\.m2\repository\org\junit\jupiter\junit-jupiter-api\5.11.0\junit-jupiter-api-5.11.0.jar;C:\Users\esteb\.m2\repository\org\opentest4j\opentest4j\1.3.0\opentest4j-1.3.0.jar;C:\Users\esteb\.m2\repository\org\junit\platform\junit-platform-commons\1.11.0\junit-platform-commons-1.11.0.jar;C:\Users\esteb\.m2\repository\org\apiguardian\apiguardian-api\1.1.2\apiguardian-api-1.1.2.jar;C:\Users\esteb\.m2\repository\org\junit\jupiter\junit-jupiter-params\5.11.0\junit-jupiter-params-5.11.0.jar;C:\Users\esteb\.m2\repository\com\gitlab\jade-project\jade\master-m4.5.3-g165fec3-1\jade-master-m4.5.3-g165fec3-1.jar;C:\Users\esteb\.m2\repository\org\glassfish\corba\glassfish-corba-omgapi\4.2.4\glassfish-corba-omgapi-4.2.4.jar;C:\Users\esteb\.m2\repository\commons-codec\commons-codec\1.15\commons-codec-1.15.jar;C:\Users\esteb\.m2\repository\com\toedter\jcalendar\1.4\jcalendar-1.4.jar;C:\Users\esteb\.m2\repository\org\glassfish\corba\glassfish-corba-orb\4.2.4\glassfish-corba-orb-4.2.4.jar;C:\Users\esteb\.m2\repository\org\glassfish\corba\glassfish-corba-csiv2-idl\4.2.4\glassfish-corba-csiv2-idl-4.2.4.jar;C:\Users\esteb\.m2\repository\org\glassfish\corba\glassfish-corba-internal-api\4.2.4\glassfish-corba-internal-api-4.2.4.jar;C:\Users\esteb\.m2\repository\org\glassfish\corba\exception-annotation-processor\4.2.4\exception-annotation-processor-4.2.4.jar;C:\Users\esteb\.m2\repository\org\osgi\org.osgi.core\6.0.0\org.osgi.core-6.0.0.jar;C:\Users\esteb\.m2\repository\org\glassfish\gmbal\gmbal\4.0.0\gmbal-4.0.0.jar;C:\Users\esteb\.m2\repository\org\glassfish\external\management-api\3.2.1\management-api-3.2.1.jar;C:\Users\esteb\.m2\repository\org\glassfish\pfl\pfl-basic-tools\4.0.1\pfl-basic-tools-4.0.1.jar;C:\Users\esteb\.m2\repository\org\glassfish\pfl\pfl-tf-tools\4.0.1\pfl-tf-tools-4.0.1.jar;C:\Users\esteb\.m2\repository\org\glassfish\pfl\pfl-asm\4.0.1\pfl-asm-4.0.1.jar;C:\Users\esteb\.m2\repository\org\glassfish\pfl\pfl-dynamic\4.1.2\pfl-dynamic-4.1.2.jar;C:\Users\esteb\.m2\repository\org\ow2\asm\asm\9.1\asm-9.1.jar;C:\Users\esteb\.m2\repository\org\ow2\asm\asm-util\9.1\asm-util-9.1.jar;C:\Users\esteb\.m2\repository\org\ow2\asm\asm-tree\9.1\asm-tree-9.1.jar;C:\Users\esteb\.m2\repository\org\ow2\asm\asm-analysis\9.1\asm-analysis-9.1.jar;"/>
    <property name="sun.cpu.endian" value="little"/>
    <property name="user.home" value="C:\Users\esteb"/>
    <property name="user.language" value="es"/>
    <property name="java.specification.vendor" value="Oracle Corporation"/>
    <property name="java.version.date" value="2023-08-24"/>
    <property name="java.home" value="C:\Program Files\Eclipse Adoptium\jdk-17.0.8.101-hotspot"/>
    <property name="file.separator" value="\"/>
    <property name="basedir" value="D:\Repository-Projects\MultiAgents\my-app"/>
    <property name="java.vm.compressedOopsMode" value="32-bit"/>
    <property name="line.separator" value="&#10;"/>
    <property name="java.vm.specification.vendor" value="Oracle Corporation"/>
    <property name="java.specification.name" value="Java Platform API Specification"/>
    <property name="surefire.real.class.path" value="C:\Users\esteb\AppData\Local\Temp\surefire16339889000424946106\surefirebooter-20241128112858166_3.jar"/>
    <property name="user.script" value=""/>
    <property name="sun.management.compiler" value="HotSpot 64-Bit Tiered Compilers"/>
    <property name="java.runtime.version" value="17.0.8.1+1"/>
    <property name="user.name" value="esteb"/>
    <property name="path.separator" value=";"/>
    <property name="os.version" value="10.0"/>
    <property name="java.runtime.name" value="OpenJDK Runtime Environment"/>
    <property name="file.encoding" value="Cp1252"/>
    <property name="java.vm.name" value="OpenJDK 64-Bit Server VM"/>
    <property name="java.vendor.version" value="Temurin-17.0.8.1+1"/>
    <property name="localRepository" value="C:\Users\esteb\.m2\repository"/>
    <property name="java.vendor.url.bug" value="https://github.com/adoptium/adoptium-support/issues"/>
    <property name="java.io.tmpdir" value="C:\Users\esteb\AppData\Local\Temp\"/>
    <property name="java.version" value="17.0.8.1"/>
    <property name="user.dir" value="D:\Repository-Projects\MultiAgents\my-app"/>
    <property name="os.arch" value="amd64"/>
    <property name="java.vm.specification.name" value="Java Virtual Machine Specification"/>
    <property name="sun.os.patch.level" value=""/>
    <property name="native.encoding" value="Cp1252"/>
    <property name="java.library.path" value="C:\Program Files\Eclipse Adoptium\jdk-17.0.8.101-hotspot\bin;C:\windows\Sun\Java\bin;C:\windows\system32;C:\windows;C:\Program Files\Common Files\Oracle\Java\javapath;C:\windows\system32;C:\windows;C:\windows\System32\Wbem;C:\windows\System32\WindowsPowerShell\v1.0\;C:\windows\System32\OpenSSH\;C:\Program Files\dotnet\;C:\Program Files\MySQL\MySQL Server 8.0\bin;D:\Program Files\Maven\apache-maven-3.9.5\bin;C:\Program Files\Eclipse Adoptium\jdk-17.0.8.101-hotspot\bin;D:\Program Files\nodejs\;D:\Git\cmd;C:\Program Files\HP\HP One Agent;D:\Program Files\Go\bin;D:\miniconda;D:\miniconda\Library\mingw-w64\bin;D:\miniconda\Library\usr\bin;D:\miniconda\Library\bin;D:\miniconda\Scripts;C:\Program Files\MySQL\MySQL Shell 8.0\bin\;C:\Users\esteb\AppData\Local\Microsoft\WindowsApps;D:\pycharm\PyCharm Community Edition 2022.3.1\bin;;C:\Users\esteb\.dotnet\tools;D:\visual studio code\Microsoft VS Code\bin;D:\MSYS2\mingw64\bin;C:\Users\esteb\AppData\Roaming\TinyTeX\bin\windows;C:\Users\esteb\AppData\Local\Programs\Python\Python311\Scripts;C:\Users\esteb\AppData\Local\Programs\Python\Python311;D:\Program Files\JetBrains\IntelliJ IDEA 2023.2.2\bin;;C:\Users\esteb\AppData\Roaming\npm;C:\Users\esteb\go\bin;C:\Users\esteb\AppData\Roaming\Programs\Zero Install;."/>
    <property name="java.vm.info" value="mixed mode, sharing"/>
    <property name="java.vendor" value="Eclipse Adoptium"/>
    <property name="java.vm.version" value="17.0.8.1+1"/>
    <property name="sun.io.unicode.encoding" value="UnicodeLittle"/>
    <property name="java.class.version" value="61.0"/>
  </properties>
  <testcase name="shouldAnswerWithTrue" classname="com.upcino.app.AppTest" time="0.04"/>
</testsuite>